0 info it worked if it ends with ok
1 verbose cli [ '/usr/bin/node', '/usr/bin/npm', 'run', 'start' ]
2 info using npm@3.5.2
3 info using node@v8.10.0
4 verbose run-script [ 'prestart', 'start', 'poststart' ]
5 info lifecycle thinq@1.0.0~prestart: thinq@1.0.0
6 silly lifecycle thinq@1.0.0~prestart: no script for prestart, continuing
7 info lifecycle thinq@1.0.0~start: thinq@1.0.0
8 verbose lifecycle thinq@1.0.0~start: unsafe-perm in lifecycle true
9 verbose lifecycle thinq@1.0.0~start: PATH: /usr/share/npm/bin/node-gyp-bin:/mnt/d/PS1/ThinQ/node_modules/.bin:/home/prarabdh/.local/bin:/usr/local/sbin:/usr/local/bin:/usr/sbin:/usr/bin:/sbin:/bin:/usr/games:/usr/local/games:/mnt/c/Program Files/WindowsApps/CanonicalGroupLimited.UbuntuonWindows_2004.2020.424.0_x64__79rhkp1fndgsc:/mnt/c/Python27/:/mnt/c/Python27/Scripts:/mnt/c/Program Files (x86)/Common Files/Intel/Shared Libraries/redist/intel64/compiler:/mnt/c/Program Files (x86)/Intel/Intel(R) Management Engine Components/iCLS/:/mnt/c/Program Files/Intel/Intel(R) Management Engine Components/iCLS/:/mnt/c/Windows/system32:/mnt/c/Windows:/mnt/c/Windows/System32/Wbem:/mnt/c/Windows/System32/WindowsPowerShell/v1.0/:/mnt/c/Windows/System32/OpenSSH/:/mnt/c/Program Files (x86)/Intel/Intel(R) Management Engine Components/DAL:/mnt/c/Program Files/Intel/Intel(R) Management Engine Components/DAL:/mnt/c/Program Files (x86)/Intel/Intel(R) Management Engine Components/IPT:/mnt/c/Program Files/Intel/Intel(R) Management Engine Components/IPT:/mnt/c/Program Files (x86)/NVIDIA Corporation/PhysX/Common:/mnt/c/Program Files/Git/cmd:/mnt/c/Program Files/NVIDIA Corporation/NVIDIA NvDLISR:/mnt/c/WINDOWS/system32:/mnt/c/WINDOWS:/mnt/c/WINDOWS/System32/Wbem:/mnt/c/WINDOWS/System32/WindowsPowerShell/v1.0/:/mnt/c/WINDOWS/System32/OpenSSH/:/mnt/c/ProgramData/chocolatey/bin:/mnt/d/Android/flutter/bin:/"C:/Windows/system32:/":/mnt/c/platform-tools:/mnt/c/Program Files/PuTTY/:/mnt/c/Users/prara/scoop/apps/gh/0.5.5/bin:/mnt/c/Program Files/Microsoft SQL Server/Client SDK/ODBC/130/Tools/Binn/:/mnt/c/Program Files (x86)/Microsoft SQL Server/140/Tools/Binn/:/mnt/c/Program Files/Microsoft SQL Server/140/Tools/Binn/:/mnt/c/Program Files/Microsoft SQL Server/140/DTS/Binn/:/mnt/c/MinGW64/bin:/mnt/c/Program Files/nodejs/:/mnt/c/Users/prara/scoop/shims:/mnt/c/Pro:/mnt/c/Users/prara/AppData/Local/Programs/Microsoft VS Code/bin:/mnt/c/MinGW/bin:/mnt/c/Users/prara/AppData/Roaming/npm:/snap/bin
10 verbose lifecycle thinq@1.0.0~start: CWD: /mnt/d/PS1/ThinQ
11 silly lifecycle thinq@1.0.0~start: Args: [ '-c', 'node ./src/server/server.js' ]
12 silly lifecycle thinq@1.0.0~start: Returned: code: 1  signal: null
13 info lifecycle thinq@1.0.0~start: Failed to exec start script
14 verbose stack Error: thinq@1.0.0 start: `node ./src/server/server.js`
14 verbose stack Exit status 1
14 verbose stack     at EventEmitter.<anonymous> (/usr/share/npm/lib/utils/lifecycle.js:232:16)
14 verbose stack     at emitTwo (events.js:126:13)
14 verbose stack     at EventEmitter.emit (events.js:214:7)
14 verbose stack     at ChildProcess.<anonymous> (/usr/share/npm/lib/utils/spawn.js:24:14)
14 verbose stack     at emitTwo (events.js:126:13)
14 verbose stack     at ChildProcess.emit (events.js:214:7)
14 verbose stack     at maybeClose (internal/child_process.js:925:16)
14 verbose stack     at Process.ChildProcess._handle.onexit (internal/child_process.js:209:5)
15 verbose pkgid thinq@1.0.0
16 verbose cwd /mnt/d/PS1/ThinQ
17 error Linux 4.4.0-18362-Microsoft
18 error argv "/usr/bin/node" "/usr/bin/npm" "run" "start"
19 error node v8.10.0
20 error npm  v3.5.2
21 error code ELIFECYCLE
22 error thinq@1.0.0 start: `node ./src/server/server.js`
22 error Exit status 1
23 error Failed at the thinq@1.0.0 start script 'node ./src/server/server.js'.
23 error Make sure you have the latest version of node.js and npm installed.
23 error If you do, this is most likely a problem with the thinq package,
23 error not with npm itself.
23 error Tell the author that this fails on your system:
23 error     node ./src/server/server.js
23 error You can get information on how to open an issue for this project with:
23 error     npm bugs thinq
23 error Or if that isn't available, you can get their info via:
23 error     npm owner ls thinq
23 error There is likely additional logging output above.
24 verbose exit [ 1, true ]
